2025-07-16 15:35:20 INFO  [background-preinit] o.h.validator.internal.util.Version - HV000001: Hibernate Validator 8.0.1.Final
2025-07-16 15:35:20 INFO  [restartedMain] c.c.i.s.iedshop.IedshopApplication - Starting IedshopApplication using Java 22.0.1 with PID 48993 (/Users/edgarh.diaz/Documents/Dev-edh/07-pruebaTecnicaApiDocker/iedshop-pruebaTecnica/iedshop/target/classes started by edgarh.diaz in /Users/edgarh.diaz/Documents/Dev-edh/07-pruebaTecnicaApiDocker/iedshop-pruebaTecnica/iedshop)
2025-07-16 15:35:20 INFO  [restartedMain] c.c.i.s.iedshop.IedshopApplication - No active profile set, falling back to 1 default profile: "default"
2025-07-16 15:35:20 INFO  [restartedMain] o.s.b.d.e.DevToolsPropertyDefaultsPostProcessor - Devtools property defaults active! Set 'spring.devtools.add-properties' to 'false' to disable
2025-07-16 15:35:20 INFO  [restartedMain] o.s.b.d.e.DevToolsPropertyDefaultsPostProcessor - For additional web related logging consider setting the 'logging.level.web' property to 'DEBUG'
2025-07-16 15:35:20 INFO  [restartedMain] o.s.d.r.c.RepositoryConfigurationDelegate - Bootstrapping Spring Data JPA repositories in DEFAULT mode.
2025-07-16 15:35:20 INFO  [restartedMain] o.s.d.r.c.RepositoryConfigurationDelegate - Finished Spring Data repository scanning in 17 ms. Found 2 JPA repository interfaces.
2025-07-16 15:35:21 INFO  [restartedMain] o.s.b.w.e.tomcat.TomcatWebServer - Tomcat initialized with port 8080 (http)
2025-07-16 15:35:21 INFO  [restartedMain] o.a.coyote.http11.Http11NioProtocol - Initializing ProtocolHandler ["http-nio-8080"]
2025-07-16 15:35:21 INFO  [restartedMain] o.a.catalina.core.StandardService - Starting service [Tomcat]
2025-07-16 15:35:21 INFO  [restartedMain] o.a.catalina.core.StandardEngine - Starting Servlet engine: [Apache Tomcat/10.1.30]
2025-07-16 15:35:21 INFO  [restartedMain] o.a.c.c.C.[Tomcat].[localhost].[/] - Initializing Spring embedded WebApplicationContext
2025-07-16 15:35:21 INFO  [restartedMain] o.s.b.w.s.c.ServletWebServerApplicationContext - Root WebApplicationContext: initialization completed in 536 ms
2025-07-16 15:35:21 INFO  [restartedMain] o.h.jpa.internal.util.LogHelper - HHH000204: Processing PersistenceUnitInfo [name: default]
2025-07-16 15:35:21 INFO  [restartedMain] org.hibernate.Version - HHH000412: Hibernate ORM core version 6.5.3.Final
2025-07-16 15:35:21 INFO  [restartedMain] o.h.c.i.RegionFactoryInitiator - HHH000026: Second-level cache disabled
2025-07-16 15:35:21 INFO  [restartedMain] o.s.o.j.p.SpringPersistenceUnitInfo - No LoadTimeWeaver setup: ignoring JPA class transformer
2025-07-16 15:35:21 INFO  [restartedMain] com.zaxxer.hikari.HikariDataSource - HikariPool-1 - Starting...
2025-07-16 15:35:21 INFO  [restartedMain] com.zaxxer.hikari.pool.HikariPool - HikariPool-1 - Added connection com.mysql.cj.jdbc.ConnectionImpl@ef65597
2025-07-16 15:35:21 INFO  [restartedMain] com.zaxxer.hikari.HikariDataSource - HikariPool-1 - Start completed.
2025-07-16 15:35:21 WARN  [restartedMain] org.hibernate.orm.deprecation - HHH90000025: MySQL8Dialect does not need to be specified explicitly using 'hibernate.dialect' (remove the property setting and it will be selected by default)
2025-07-16 15:35:21 WARN  [restartedMain] org.hibernate.orm.deprecation - HHH90000026: MySQL8Dialect has been deprecated; use org.hibernate.dialect.MySQLDialect instead
2025-07-16 15:35:21 INFO  [restartedMain] o.h.e.t.j.p.i.JtaPlatformInitiator - HHH000489: No JTA platform available (set 'hibernate.transaction.jta.platform' to enable JTA platform integration)
2025-07-16 15:35:21 DEBUG [restartedMain] org.hibernate.SQL - alter table inventario drop foreign key FK8x46qgr3a08qk6y9e1vr6m26v
2025-07-16 15:35:21 WARN  [restartedMain] o.h.t.s.i.ExceptionHandlerLoggedImpl - GenerationTarget encountered exception accepting command : Error executing DDL "alter table inventario drop foreign key FK8x46qgr3a08qk6y9e1vr6m26v" via JDBC [Table 'db_springboot_backend.inventario' doesn't exist]
org.hibernate.tool.schema.spi.CommandAcceptanceException: Error executing DDL "alter table inventario drop foreign key FK8x46qgr3a08qk6y9e1vr6m26v" via JDBC [Table 'db_springboot_backend.inventario' doesn't exist]
	at org.hibernate.tool.schema.internal.exec.GenerationTargetToDatabase.accept(GenerationTargetToDatabase.java:94)
	at org.hibernate.tool.schema.internal.Helper.applySqlString(Helper.java:233)
	at org.hibernate.tool.schema.internal.Helper.applySqlStrings(Helper.java:217)
	at org.hibernate.tool.schema.internal.SchemaDropperImpl.applyConstraintDropping(SchemaDropperImpl.java:476)
	at org.hibernate.tool.schema.internal.SchemaDropperImpl.dropConstraintsTablesSequences(SchemaDropperImpl.java:242)
	at org.hibernate.tool.schema.internal.SchemaDropperImpl.dropFromMetadata(SchemaDropperImpl.java:215)
	at org.hibernate.tool.schema.internal.SchemaDropperImpl.performDrop(SchemaDropperImpl.java:185)
	at org.hibernate.tool.schema.internal.SchemaDropperImpl.doDrop(SchemaDropperImpl.java:155)
	at org.hibernate.tool.schema.internal.SchemaDropperImpl.doDrop(SchemaDropperImpl.java:115)
	at org.hibernate.tool.schema.spi.SchemaManagementToolCoordinator.performDatabaseAction(SchemaManagementToolCoordinator.java:238)
	at org.hibernate.tool.schema.spi.SchemaManagementToolCoordinator.lambda$process$5(SchemaManagementToolCoordinator.java:144)
	at java.base/java.util.HashMap.forEach(HashMap.java:1429)
	at org.hibernate.tool.schema.spi.SchemaManagementToolCoordinator.process(SchemaManagementToolCoordinator.java:141)
	at org.hibernate.boot.internal.SessionFactoryObserverForSchemaExport.sessionFactoryCreated(SessionFactoryObserverForSchemaExport.java:37)
	at org.hibernate.internal.SessionFactoryObserverChain.sessionFactoryCreated(SessionFactoryObserverChain.java:35)
	at org.hibernate.internal.SessionFactoryImpl.<init>(SessionFactoryImpl.java:322)
	at org.hibernate.boot.internal.SessionFactoryBuilderImpl.build(SessionFactoryBuilderImpl.java:457)
	at org.hibernate.jpa.boot.internal.EntityManagerFactoryBuilderImpl.build(EntityManagerFactoryBuilderImpl.java:1506)
	at org.springframework.orm.jpa.vendor.SpringHibernateJpaPersistenceProvider.createContainerEntityManagerFactory(SpringHibernateJpaPersistenceProvider.java:75)
	at org.springframework.orm.jpa.LocalContainerEntityManagerFactoryBean.createNativeEntityManagerFactory(LocalContainerEntityManagerFactoryBean.java:390)
	at org.springframework.orm.jpa.AbstractEntityManagerFactoryBean.buildNativeEntityManagerFactory(AbstractEntityManagerFactoryBean.java:409)
	at org.springframework.orm.jpa.AbstractEntityManagerFactoryBean.afterPropertiesSet(AbstractEntityManagerFactoryBean.java:396)
	at org.springframework.orm.jpa.LocalContainerEntityManagerFactoryBean.afterPropertiesSet(LocalContainerEntityManagerFactoryBean.java:366)
	at org.springframework.beans.factory.support.AbstractAutowireCapableBeanFactory.invokeInitMethods(AbstractAutowireCapableBeanFactory.java:1853)
	at org.springframework.beans.factory.support.AbstractAutowireCapableBeanFactory.initializeBean(AbstractAutowireCapableBeanFactory.java:1802)
	at org.springframework.beans.factory.support.AbstractAutowireCapableBeanFactory.doCreateBean(AbstractAutowireCapableBeanFactory.java:600)
	at org.springframework.beans.factory.support.AbstractAutowireCapableBeanFactory.createBean(AbstractAutowireCapableBeanFactory.java:522)
	at org.springframework.beans.factory.support.AbstractBeanFactory.lambda$doGetBean$0(AbstractBeanFactory.java:337)
	at org.springframework.beans.factory.support.DefaultSingletonBeanRegistry.getSingleton(DefaultSingletonBeanRegistry.java:234)
	at org.springframework.beans.factory.support.AbstractBeanFactory.doGetBean(AbstractBeanFactory.java:335)
	at org.springframework.beans.factory.support.AbstractBeanFactory.getBean(AbstractBeanFactory.java:205)
	at org.springframework.context.support.AbstractApplicationContext.finishBeanFactoryInitialization(AbstractApplicationContext.java:954)
	at org.springframework.context.support.AbstractApplicationContext.refresh(AbstractApplicationContext.java:625)
	at org.springframework.boot.web.servlet.context.ServletWebServerApplicationContext.refresh(ServletWebServerApplicationContext.java:146)
	at org.springframework.boot.SpringApplication.refresh(SpringApplication.java:754)
	at org.springframework.boot.SpringApplication.refreshContext(SpringApplication.java:456)
	at org.springframework.boot.SpringApplication.run(SpringApplication.java:335)
	at org.springframework.boot.SpringApplication.run(SpringApplication.java:1363)
	at org.springframework.boot.SpringApplication.run(SpringApplication.java:1352)
	at co.com.ied.shop.iedshop.IedshopApplication.main(IedshopApplication.java:10)
	at java.base/jdk.internal.reflect.DirectMethodHandleAccessor.invoke(DirectMethodHandleAccessor.java:103)
	at java.base/java.lang.reflect.Method.invoke(Method.java:580)
	at org.springframework.boot.devtools.restart.RestartLauncher.run(RestartLauncher.java:50)
Caused by: java.sql.SQLSyntaxErrorException: Table 'db_springboot_backend.inventario' doesn't exist
	at com.mysql.cj.jdbc.exceptions.SQLError.createSQLException(SQLError.java:121)
	at com.mysql.cj.jdbc.exceptions.SQLExceptionsMapping.translateException(SQLExceptionsMapping.java:122)
	at com.mysql.cj.jdbc.StatementImpl.executeInternal(StatementImpl.java:770)
	at com.mysql.cj.jdbc.StatementImpl.execute(StatementImpl.java:653)
	at com.zaxxer.hikari.pool.ProxyStatement.execute(ProxyStatement.java:94)
	at com.zaxxer.hikari.pool.HikariProxyStatement.execute(HikariProxyStatement.java)
	at org.hibernate.tool.schema.internal.exec.GenerationTargetToDatabase.accept(GenerationTargetToDatabase.java:80)
	... 42 common frames omitted
2025-07-16 15:35:21 DEBUG [restartedMain] org.hibernate.SQL - drop table if exists inventario
2025-07-16 15:35:21 DEBUG [restartedMain] org.hibernate.SQL - drop table if exists productos
2025-07-16 15:35:21 DEBUG [restartedMain] org.hibernate.SQL - create table inventario (cantidad bigint, id bigint not null auto_increment, producto_id bigint, primary key (id)) engine=InnoDB
2025-07-16 15:35:21 DEBUG [restartedMain] org.hibernate.SQL - create table productos (precio decimal(38,2), id bigint not null auto_increment, nombre varchar(255), primary key (id)) engine=InnoDB
2025-07-16 15:35:21 DEBUG [restartedMain] org.hibernate.SQL - alter table inventario add constraint UKk6s7p1vvfeqoq5lc5f61ndoam unique (producto_id)
2025-07-16 15:35:21 DEBUG [restartedMain] org.hibernate.SQL - alter table inventario add constraint FK8x46qgr3a08qk6y9e1vr6m26v foreign key (producto_id) references productos (id)
2025-07-16 15:35:21 DEBUG [restartedMain] org.hibernate.SQL - INSERT INTO productos ( nombre , precio) VALUES ('Camara Nikon',1000)
2025-07-16 15:35:21 DEBUG [restartedMain] org.hibernate.SQL - INSERT INTO productos ( nombre , precio) VALUES ('Mac',2000)
2025-07-16 15:35:21 DEBUG [restartedMain] org.hibernate.SQL - INSERT INTO productos ( nombre , precio) VALUES ('Smart Tv',1000)
2025-07-16 15:35:21 DEBUG [restartedMain] org.hibernate.SQL - INSERT INTO productos ( nombre , precio) VALUES ('Gps',1000)
2025-07-16 15:35:21 DEBUG [restartedMain] org.hibernate.SQL - INSERT INTO productos ( nombre , precio) VALUES ('bike',3000)
2025-07-16 15:35:21 DEBUG [restartedMain] org.hibernate.SQL - INSERT INTO inventario ( cantidad , producto_id) VALUES (5,1)
2025-07-16 15:35:21 DEBUG [restartedMain] org.hibernate.SQL - INSERT INTO inventario ( cantidad , producto_id) VALUES (50,2)
2025-07-16 15:35:21 DEBUG [restartedMain] org.hibernate.SQL - INSERT INTO inventario ( cantidad , producto_id) VALUES (500,3)
2025-07-16 15:35:21 INFO  [restartedMain] o.s.o.j.LocalContainerEntityManagerFactoryBean - Initialized JPA EntityManagerFactory for persistence unit 'default'
2025-07-16 15:35:21 INFO  [restartedMain] o.s.d.j.r.query.QueryEnhancerFactory - Hibernate is in classpath; If applicable, HQL parser will be used.
2025-07-16 15:35:22 INFO  [restartedMain] o.s.s.p.JdbcUserDetailsManager - No authentication manager set. Reauthentication of users when changing passwords will not be performed.
2025-07-16 15:35:22 WARN  [restartedMain] o.s.b.a.o.j.JpaBaseConfiguration$JpaWebConfiguration - spring.jpa.open-in-view is enabled by default. Therefore, database queries may be performed during view rendering. Explicitly configure spring.jpa.open-in-view to disable this warning
2025-07-16 15:35:22 INFO  [restartedMain] o.s.s.c.a.a.c.InitializeUserDetailsBeanManagerConfigurer$InitializeUserDetailsManagerConfigurer - Global AuthenticationManager configured with UserDetailsService bean with name userDetailsManager
2025-07-16 15:35:22 INFO  [restartedMain] o.s.b.d.a.OptionalLiveReloadServer - LiveReload server is running on port 35729
2025-07-16 15:35:22 INFO  [restartedMain] o.a.coyote.http11.Http11NioProtocol - Starting ProtocolHandler ["http-nio-8080"]
2025-07-16 15:35:22 INFO  [restartedMain] o.s.b.w.e.tomcat.TomcatWebServer - Tomcat started on port 8080 (http) with context path '/'
2025-07-16 15:35:22 INFO  [restartedMain] c.c.i.s.iedshop.IedshopApplication - Started IedshopApplication in 2.091 seconds (process running for 2.271)
2025-07-16 15:35:31 INFO  [SpringApplicationShutdownHook] o.s.o.j.LocalContainerEntityManagerFactoryBean - Closing JPA EntityManagerFactory for persistence unit 'default'
2025-07-16 15:35:31 DEBUG [SpringApplicationShutdownHook] org.hibernate.SQL - alter table inventario drop foreign key FK8x46qgr3a08qk6y9e1vr6m26v
2025-07-16 15:35:31 DEBUG [SpringApplicationShutdownHook] org.hibernate.SQL - drop table if exists inventario
2025-07-16 15:35:31 DEBUG [SpringApplicationShutdownHook] org.hibernate.SQL - drop table if exists productos
2025-07-16 15:35:31 INFO  [SpringApplicationShutdownHook] com.zaxxer.hikari.HikariDataSource - HikariPool-1 - Shutdown initiated...
2025-07-16 15:35:31 INFO  [SpringApplicationShutdownHook] com.zaxxer.hikari.HikariDataSource - HikariPool-1 - Shutdown completed.
2025-07-16 15:35:46 INFO  [background-preinit] o.h.validator.internal.util.Version - HV000001: Hibernate Validator 8.0.1.Final
2025-07-16 15:35:46 INFO  [restartedMain] c.c.i.s.iedshop.IedshopApplication - Starting IedshopApplication using Java 22.0.1 with PID 49043 (/Users/edgarh.diaz/Documents/Dev-edh/07-pruebaTecnicaApiDocker/iedshop-pruebaTecnica/iedshop/target/classes started by edgarh.diaz in /Users/edgarh.diaz/Documents/Dev-edh/07-pruebaTecnicaApiDocker/iedshop-pruebaTecnica/iedshop)
2025-07-16 15:35:46 INFO  [restartedMain] c.c.i.s.iedshop.IedshopApplication - No active profile set, falling back to 1 default profile: "default"
2025-07-16 15:35:46 INFO  [restartedMain] o.s.b.d.e.DevToolsPropertyDefaultsPostProcessor - Devtools property defaults active! Set 'spring.devtools.add-properties' to 'false' to disable
2025-07-16 15:35:46 INFO  [restartedMain] o.s.b.d.e.DevToolsPropertyDefaultsPostProcessor - For additional web related logging consider setting the 'logging.level.web' property to 'DEBUG'
2025-07-16 15:35:47 INFO  [restartedMain] o.s.d.r.c.RepositoryConfigurationDelegate - Bootstrapping Spring Data JPA repositories in DEFAULT mode.
2025-07-16 15:35:47 INFO  [restartedMain] o.s.d.r.c.RepositoryConfigurationDelegate - Finished Spring Data repository scanning in 14 ms. Found 2 JPA repository interfaces.
2025-07-16 15:35:47 INFO  [restartedMain] o.s.b.w.e.tomcat.TomcatWebServer - Tomcat initialized with port 8080 (http)
2025-07-16 15:35:47 INFO  [restartedMain] o.a.coyote.http11.Http11NioProtocol - Initializing ProtocolHandler ["http-nio-8080"]
2025-07-16 15:35:47 INFO  [restartedMain] o.a.catalina.core.StandardService - Starting service [Tomcat]
2025-07-16 15:35:47 INFO  [restartedMain] o.a.catalina.core.StandardEngine - Starting Servlet engine: [Apache Tomcat/10.1.30]
2025-07-16 15:35:47 INFO  [restartedMain] o.a.c.c.C.[Tomcat].[localhost].[/] - Initializing Spring embedded WebApplicationContext
2025-07-16 15:35:47 INFO  [restartedMain] o.s.b.w.s.c.ServletWebServerApplicationContext - Root WebApplicationContext: initialization completed in 480 ms
2025-07-16 15:35:47 INFO  [restartedMain] o.h.jpa.internal.util.LogHelper - HHH000204: Processing PersistenceUnitInfo [name: default]
2025-07-16 15:35:47 INFO  [restartedMain] org.hibernate.Version - HHH000412: Hibernate ORM core version 6.5.3.Final
2025-07-16 15:35:47 INFO  [restartedMain] o.h.c.i.RegionFactoryInitiator - HHH000026: Second-level cache disabled
2025-07-16 15:35:47 INFO  [restartedMain] o.s.o.j.p.SpringPersistenceUnitInfo - No LoadTimeWeaver setup: ignoring JPA class transformer
2025-07-16 15:35:47 INFO  [restartedMain] com.zaxxer.hikari.HikariDataSource - HikariPool-1 - Starting...
2025-07-16 15:35:47 INFO  [restartedMain] com.zaxxer.hikari.pool.HikariPool - HikariPool-1 - Added connection com.mysql.cj.jdbc.ConnectionImpl@1a6c7930
2025-07-16 15:35:47 INFO  [restartedMain] com.zaxxer.hikari.HikariDataSource - HikariPool-1 - Start completed.
2025-07-16 15:35:47 WARN  [restartedMain] org.hibernate.orm.deprecation - HHH90000025: MySQL8Dialect does not need to be specified explicitly using 'hibernate.dialect' (remove the property setting and it will be selected by default)
2025-07-16 15:35:47 WARN  [restartedMain] org.hibernate.orm.deprecation - HHH90000026: MySQL8Dialect has been deprecated; use org.hibernate.dialect.MySQLDialect instead
2025-07-16 15:35:47 INFO  [restartedMain] o.h.e.t.j.p.i.JtaPlatformInitiator - HHH000489: No JTA platform available (set 'hibernate.transaction.jta.platform' to enable JTA platform integration)
2025-07-16 15:35:47 DEBUG [restartedMain] org.hibernate.SQL - alter table inventario drop foreign key FK8x46qgr3a08qk6y9e1vr6m26v
2025-07-16 15:35:47 WARN  [restartedMain] o.h.t.s.i.ExceptionHandlerLoggedImpl - GenerationTarget encountered exception accepting command : Error executing DDL "alter table inventario drop foreign key FK8x46qgr3a08qk6y9e1vr6m26v" via JDBC [Table 'db_springboot_backend.inventario' doesn't exist]
org.hibernate.tool.schema.spi.CommandAcceptanceException: Error executing DDL "alter table inventario drop foreign key FK8x46qgr3a08qk6y9e1vr6m26v" via JDBC [Table 'db_springboot_backend.inventario' doesn't exist]
	at org.hibernate.tool.schema.internal.exec.GenerationTargetToDatabase.accept(GenerationTargetToDatabase.java:94)
	at org.hibernate.tool.schema.internal.Helper.applySqlString(Helper.java:233)
	at org.hibernate.tool.schema.internal.Helper.applySqlStrings(Helper.java:217)
	at org.hibernate.tool.schema.internal.SchemaDropperImpl.applyConstraintDropping(SchemaDropperImpl.java:476)
	at org.hibernate.tool.schema.internal.SchemaDropperImpl.dropConstraintsTablesSequences(SchemaDropperImpl.java:242)
	at org.hibernate.tool.schema.internal.SchemaDropperImpl.dropFromMetadata(SchemaDropperImpl.java:215)
	at org.hibernate.tool.schema.internal.SchemaDropperImpl.performDrop(SchemaDropperImpl.java:185)
	at org.hibernate.tool.schema.internal.SchemaDropperImpl.doDrop(SchemaDropperImpl.java:155)
	at org.hibernate.tool.schema.internal.SchemaDropperImpl.doDrop(SchemaDropperImpl.java:115)
	at org.hibernate.tool.schema.spi.SchemaManagementToolCoordinator.performDatabaseAction(SchemaManagementToolCoordinator.java:238)
	at org.hibernate.tool.schema.spi.SchemaManagementToolCoordinator.lambda$process$5(SchemaManagementToolCoordinator.java:144)
	at java.base/java.util.HashMap.forEach(HashMap.java:1429)
	at org.hibernate.tool.schema.spi.SchemaManagementToolCoordinator.process(SchemaManagementToolCoordinator.java:141)
	at org.hibernate.boot.internal.SessionFactoryObserverForSchemaExport.sessionFactoryCreated(SessionFactoryObserverForSchemaExport.java:37)
	at org.hibernate.internal.SessionFactoryObserverChain.sessionFactoryCreated(SessionFactoryObserverChain.java:35)
	at org.hibernate.internal.SessionFactoryImpl.<init>(SessionFactoryImpl.java:322)
	at org.hibernate.boot.internal.SessionFactoryBuilderImpl.build(SessionFactoryBuilderImpl.java:457)
	at org.hibernate.jpa.boot.internal.EntityManagerFactoryBuilderImpl.build(EntityManagerFactoryBuilderImpl.java:1506)
	at org.springframework.orm.jpa.vendor.SpringHibernateJpaPersistenceProvider.createContainerEntityManagerFactory(SpringHibernateJpaPersistenceProvider.java:75)
	at org.springframework.orm.jpa.LocalContainerEntityManagerFactoryBean.createNativeEntityManagerFactory(LocalContainerEntityManagerFactoryBean.java:390)
	at org.springframework.orm.jpa.AbstractEntityManagerFactoryBean.buildNativeEntityManagerFactory(AbstractEntityManagerFactoryBean.java:409)
	at org.springframework.orm.jpa.AbstractEntityManagerFactoryBean.afterPropertiesSet(AbstractEntityManagerFactoryBean.java:396)
	at org.springframework.orm.jpa.LocalContainerEntityManagerFactoryBean.afterPropertiesSet(LocalContainerEntityManagerFactoryBean.java:366)
	at org.springframework.beans.factory.support.AbstractAutowireCapableBeanFactory.invokeInitMethods(AbstractAutowireCapableBeanFactory.java:1853)
	at org.springframework.beans.factory.support.AbstractAutowireCapableBeanFactory.initializeBean(AbstractAutowireCapableBeanFactory.java:1802)
	at org.springframework.beans.factory.support.AbstractAutowireCapableBeanFactory.doCreateBean(AbstractAutowireCapableBeanFactory.java:600)
	at org.springframework.beans.factory.support.AbstractAutowireCapableBeanFactory.createBean(AbstractAutowireCapableBeanFactory.java:522)
	at org.springframework.beans.factory.support.AbstractBeanFactory.lambda$doGetBean$0(AbstractBeanFactory.java:337)
	at org.springframework.beans.factory.support.DefaultSingletonBeanRegistry.getSingleton(DefaultSingletonBeanRegistry.java:234)
	at org.springframework.beans.factory.support.AbstractBeanFactory.doGetBean(AbstractBeanFactory.java:335)
	at org.springframework.beans.factory.support.AbstractBeanFactory.getBean(AbstractBeanFactory.java:205)
	at org.springframework.context.support.AbstractApplicationContext.finishBeanFactoryInitialization(AbstractApplicationContext.java:954)
	at org.springframework.context.support.AbstractApplicationContext.refresh(AbstractApplicationContext.java:625)
	at org.springframework.boot.web.servlet.context.ServletWebServerApplicationContext.refresh(ServletWebServerApplicationContext.java:146)
	at org.springframework.boot.SpringApplication.refresh(SpringApplication.java:754)
	at org.springframework.boot.SpringApplication.refreshContext(SpringApplication.java:456)
	at org.springframework.boot.SpringApplication.run(SpringApplication.java:335)
	at org.springframework.boot.SpringApplication.run(SpringApplication.java:1363)
	at org.springframework.boot.SpringApplication.run(SpringApplication.java:1352)
	at co.com.ied.shop.iedshop.IedshopApplication.main(IedshopApplication.java:10)
	at java.base/jdk.internal.reflect.DirectMethodHandleAccessor.invoke(DirectMethodHandleAccessor.java:103)
	at java.base/java.lang.reflect.Method.invoke(Method.java:580)
	at org.springframework.boot.devtools.restart.RestartLauncher.run(RestartLauncher.java:50)
Caused by: java.sql.SQLSyntaxErrorException: Table 'db_springboot_backend.inventario' doesn't exist
	at com.mysql.cj.jdbc.exceptions.SQLError.createSQLException(SQLError.java:121)
	at com.mysql.cj.jdbc.exceptions.SQLExceptionsMapping.translateException(SQLExceptionsMapping.java:122)
	at com.mysql.cj.jdbc.StatementImpl.executeInternal(StatementImpl.java:770)
	at com.mysql.cj.jdbc.StatementImpl.execute(StatementImpl.java:653)
	at com.zaxxer.hikari.pool.ProxyStatement.execute(ProxyStatement.java:94)
	at com.zaxxer.hikari.pool.HikariProxyStatement.execute(HikariProxyStatement.java)
	at org.hibernate.tool.schema.internal.exec.GenerationTargetToDatabase.accept(GenerationTargetToDatabase.java:80)
	... 42 common frames omitted
2025-07-16 15:35:47 DEBUG [restartedMain] org.hibernate.SQL - drop table if exists inventario
2025-07-16 15:35:47 DEBUG [restartedMain] org.hibernate.SQL - drop table if exists productos
2025-07-16 15:35:47 DEBUG [restartedMain] org.hibernate.SQL - create table inventario (cantidad bigint, id bigint not null auto_increment, producto_id bigint, primary key (id)) engine=InnoDB
2025-07-16 15:35:48 DEBUG [restartedMain] org.hibernate.SQL - create table productos (precio decimal(38,2), id bigint not null auto_increment, nombre varchar(255), primary key (id)) engine=InnoDB
2025-07-16 15:35:48 DEBUG [restartedMain] org.hibernate.SQL - alter table inventario add constraint UKk6s7p1vvfeqoq5lc5f61ndoam unique (producto_id)
2025-07-16 15:35:48 DEBUG [restartedMain] org.hibernate.SQL - alter table inventario add constraint FK8x46qgr3a08qk6y9e1vr6m26v foreign key (producto_id) references productos (id)
2025-07-16 15:35:48 DEBUG [restartedMain] org.hibernate.SQL - INSERT INTO productos ( nombre , precio) VALUES ('Camara Nikon',1000)
2025-07-16 15:35:48 DEBUG [restartedMain] org.hibernate.SQL - INSERT INTO productos ( nombre , precio) VALUES ('Mac',2000)
2025-07-16 15:35:48 DEBUG [restartedMain] org.hibernate.SQL - INSERT INTO productos ( nombre , precio) VALUES ('Smart Tv',1000)
2025-07-16 15:35:48 DEBUG [restartedMain] org.hibernate.SQL - INSERT INTO productos ( nombre , precio) VALUES ('Gps',1000)
2025-07-16 15:35:48 DEBUG [restartedMain] org.hibernate.SQL - INSERT INTO productos ( nombre , precio) VALUES ('bike',3000)
2025-07-16 15:35:48 DEBUG [restartedMain] org.hibernate.SQL - INSERT INTO inventario ( cantidad , producto_id) VALUES (5,1)
2025-07-16 15:35:48 DEBUG [restartedMain] org.hibernate.SQL - INSERT INTO inventario ( cantidad , producto_id) VALUES (50,2)
2025-07-16 15:35:48 DEBUG [restartedMain] org.hibernate.SQL - INSERT INTO inventario ( cantidad , producto_id) VALUES (500,3)
2025-07-16 15:35:48 INFO  [restartedMain] o.s.o.j.LocalContainerEntityManagerFactoryBean - Initialized JPA EntityManagerFactory for persistence unit 'default'
2025-07-16 15:35:48 INFO  [restartedMain] o.s.d.j.r.query.QueryEnhancerFactory - Hibernate is in classpath; If applicable, HQL parser will be used.
2025-07-16 15:35:48 INFO  [restartedMain] o.s.s.p.JdbcUserDetailsManager - No authentication manager set. Reauthentication of users when changing passwords will not be performed.
2025-07-16 15:35:48 WARN  [restartedMain] o.s.b.a.o.j.JpaBaseConfiguration$JpaWebConfiguration - spring.jpa.open-in-view is enabled by default. Therefore, database queries may be performed during view rendering. Explicitly configure spring.jpa.open-in-view to disable this warning
2025-07-16 15:35:48 INFO  [restartedMain] o.s.s.c.a.a.c.InitializeUserDetailsBeanManagerConfigurer$InitializeUserDetailsManagerConfigurer - Global AuthenticationManager configured with UserDetailsService bean with name userDetailsManager
2025-07-16 15:35:48 INFO  [restartedMain] o.s.b.d.a.OptionalLiveReloadServer - LiveReload server is running on port 35729
2025-07-16 15:35:48 INFO  [restartedMain] o.a.coyote.http11.Http11NioProtocol - Starting ProtocolHandler ["http-nio-8080"]
2025-07-16 15:35:48 INFO  [restartedMain] o.s.b.w.e.tomcat.TomcatWebServer - Tomcat started on port 8080 (http) with context path '/'
2025-07-16 15:35:48 INFO  [restartedMain] c.c.i.s.iedshop.IedshopApplication - Started IedshopApplication in 1.949 seconds (process running for 2.126)
2025-07-16 15:36:04 INFO  [http-nio-8080-exec-2] o.a.c.c.C.[Tomcat].[localhost].[/] - Initializing Spring DispatcherServlet 'dispatcherServlet'
2025-07-16 15:36:04 INFO  [http-nio-8080-exec-2] o.s.web.servlet.DispatcherServlet - Initializing Servlet 'dispatcherServlet'
2025-07-16 15:36:04 INFO  [http-nio-8080-exec-2] o.s.web.servlet.DispatcherServlet - Completed initialization in 1 ms
2025-07-16 15:36:05 DEBUG [http-nio-8080-exec-2] org.hibernate.SQL - select p1_0.id,p1_0.nombre,p1_0.precio from productos p1_0 where p1_0.id=?
2025-07-16 15:36:05 TRACE [http-nio-8080-exec-2] org.hibernate.orm.jdbc.bind - binding parameter (1:BIGINT) <- [1]
2025-07-16 15:36:05 DEBUG [http-nio-8080-exec-2] org.hibernate.SQL - select i1_0.id,i1_0.cantidad,p1_0.id,p1_0.nombre,p1_0.precio from inventario i1_0 left join productos p1_0 on p1_0.id=i1_0.producto_id where i1_0.id=?
2025-07-16 15:36:05 TRACE [http-nio-8080-exec-2] org.hibernate.orm.jdbc.bind - binding parameter (1:BIGINT) <- [1]
2025-07-16 15:36:05 DEBUG [http-nio-8080-exec-2] org.hibernate.SQL - update inventario set cantidad=?,producto_id=? where id=?
2025-07-16 15:36:05 TRACE [http-nio-8080-exec-2] org.hibernate.orm.jdbc.bind - binding parameter (1:BIGINT) <- [77777]
2025-07-16 15:36:05 TRACE [http-nio-8080-exec-2] org.hibernate.orm.jdbc.bind - binding parameter (2:BIGINT) <- [1]
2025-07-16 15:36:05 TRACE [http-nio-8080-exec-2] org.hibernate.orm.jdbc.bind - binding parameter (3:BIGINT) <- [1]

2025-07-16 15:36:05 INFO  [http-nio-8080-exec-2] c.c.i.s.i.c.InventarioController - *********EHDM***DEV***LOG******** [SOURCE] InventarioController.ActualizaInventarioProducto **** Se Actualizo el inventario del producto id 1 cantidad de productos:77777

2025-07-16 15:36:09 DEBUG [http-nio-8080-exec-3] org.hibernate.SQL - select p1_0.id,p1_0.nombre,p1_0.precio from productos p1_0 where p1_0.id=?
2025-07-16 15:36:09 TRACE [http-nio-8080-exec-3] org.hibernate.orm.jdbc.bind - binding parameter (1:BIGINT) <- [1]
2025-07-16 15:36:09 DEBUG [http-nio-8080-exec-3] org.hibernate.SQL - select i1_0.id,i1_0.cantidad,i1_0.producto_id from inventario i1_0 where i1_0.producto_id=?
2025-07-16 15:36:09 TRACE [http-nio-8080-exec-3] org.hibernate.orm.jdbc.bind - binding parameter (1:BIGINT) <- [1]

2025-07-16 15:36:09 INFO  [http-nio-8080-exec-3] c.c.i.s.i.c.InventarioController - *********EHDM***DEV***LOG******** [SOURCE] InventarioController.inventarioProducto **** Consulta el inventario del producto id 1. Esta registrado con el nombre: Camara Nikon
